<?xml version="1.0" encoding="UTF-8"?>
<!-- Generated by org.testng.reporters.JUnitReportReporter -->
<testsuite hostname="DESKTOP-3CNBKPE" failures="0" tests="1" name="RahulShettyPractice.GenericTable" time="10.573" errors="0" timestamp="2023-08-24T16:49:02 IST" skipped="0">
  <testcase classname="RahulShettyPractice.GenericTable" name="launchURL" time="10.573"/>
</testsuite> <!-- RahulShettyPractice.GenericTable -->
