<?xml version="1.0" encoding="UTF-8"?>
<!-- Generated by org.testng.reporters.JUnitReportReporter -->
<testsuite hostname="DESKTOP-3CNBKPE" failures="0" tests="2" name="DockerDemo.SetupDockerGrid" time="35.108" errors="0" timestamp="2023-08-10T17:55:42 IST" skipped="0">
  <testcase classname="DockerDemo.SetupDockerGrid" name="startdocker" time="20.063"/>
  <testcase classname="DockerDemo.SetupDockerGrid" name="stopdocker" time="15.045"/>
</testsuite> <!-- DockerDemo.SetupDockerGrid -->
