<?xml version="1.0" encoding="UTF-8"?>
<!-- Generated by org.testng.reporters.JUnitReportReporter -->
<testsuite hostname="DESKTOP-3CNBKPE" failures="0" tests="1" name="MyPracticeSelenium.DropDrown_1" time="4.688" errors="0" timestamp="2023-06-25T17:57:04 IST" skipped="0">
  <testcase classname="MyPracticeSelenium.DropDrown_1" name="dropDown" time="4.688"/>
  <system-out/>
</testsuite> <!-- MyPracticeSelenium.DropDrown_1 -->
