<?xml version="1.0" encoding="UTF-8"?>
<!-- Generated by org.testng.reporters.JUnitReportReporter -->
<testsuite hostname="DESKTOP-3CNBKPE" failures="0" tests="10" name="ParallelTestCases.ParallelTesting" time="199.224" errors="0" timestamp="2023-08-05T14:44:31 IST" skipped="0">
  <testcase classname="ParallelTestCases.ParallelTesting" name="launchAmazon" time="15.808"/>
  <testcase classname="ParallelTestCases.ParallelTesting" name="launchFlipkart" time="7.751"/>
  <testcase classname="ParallelTestCases.ParallelTesting" name="launchMyntra" time="11.421"/>
  <testcase classname="ParallelTestCases.ParallelTesting" name="launchMeesho" time="7.585"/>
  <testcase classname="ParallelTestCases.ParallelTesting" name="launchAjio" time="40.050"/>
  <testcase classname="ParallelTestCases.ParallelTesting" name="launchRelaince" time="17.959"/>
  <testcase classname="ParallelTestCases.ParallelTesting" name="launchChroma" time="23.429"/>
  <testcase classname="ParallelTestCases.ParallelTesting" name="launchZudio" time="7.255"/>
  <testcase classname="ParallelTestCases.ParallelTesting" name="launchWestside" time="14.183"/>
  <testcase classname="ParallelTestCases.ParallelTesting" name="launchLevis" time="53.783"/>
</testsuite> <!-- ParallelTestCases.ParallelTesting -->
