<?xml version="1.0" encoding="UTF-8"?>
<!-- Generated by org.testng.reporters.JUnitReportReporter -->
<testsuite hostname="DESKTOP-3CNBKPE" failures="0" tests="1" name="DockerDemo.FirefoxDemo" time="37.995" errors="0" timestamp="2023-08-10T17:43:05 IST" skipped="0">
  <testcase classname="DockerDemo.FirefoxDemo" name="testApp" time="37.995"/>
</testsuite> <!-- DockerDemo.FirefoxDemo -->
