<?xml version="1.0" encoding="UTF-8"?>
<!-- Generated by org.testng.reporters.JUnitReportReporter -->
<testsuite hostname="DESKTOP-3CNBKPE" failures="0" tests="1" name="DockerDemo.ChromeDemo" time="30.238" errors="0" timestamp="2023-08-10T17:43:05 IST" skipped="0">
  <testcase classname="DockerDemo.ChromeDemo" name="testApp" time="30.238"/>
</testsuite> <!-- DockerDemo.ChromeDemo -->
