<?xml version="1.0" encoding="UTF-8"?>
<!-- Generated by org.testng.reporters.JUnitReportReporter -->
<testsuite hostname="DESKTOP-3CNBKPE" failures="0" tests="1" name="RahulShettyPractice.W3schholtableOptimized" time="0.124" errors="0" timestamp="2023-08-25T12:40:24 IST" skipped="0">
  <testcase classname="RahulShettyPractice.W3schholtableOptimized" name="companyInfo" time="0.124"/>
</testsuite> <!-- RahulShettyPractice.W3schholtableOptimized -->
