<?xml version="1.0" encoding="UTF-8"?>
<!-- Generated by org.testng.reporters.JUnitReportReporter -->
<testsuite hostname="DESKTOP-3CNBKPE" failures="0" tests="2" name="MyPracticeSelenium.MutipleBrowserAndinParallel" time="5.632" errors="0" timestamp="2023-08-05T15:00:12 IST" skipped="0">
  <testcase classname="MyPracticeSelenium.MutipleBrowserAndinParallel" name="test1" time="2.765"/>
  <testcase classname="MyPracticeSelenium.MutipleBrowserAndinParallel" name="test1" time="2.867"/>
</testsuite> <!-- MyPracticeSelenium.MutipleBrowserAndinParallel -->
