<?xml version="1.0" encoding="UTF-8"?>
<!-- Generated by org.testng.reporters.JUnitReportReporter -->
<testsuite hostname="DESKTOP-3CNBKPE" failures="0" tests="2" name="RahulShettyPractice.OptimizedTable" time="0.545" errors="0" timestamp="2023-08-25T13:13:46 IST" skipped="0">
  <testcase classname="RahulShettyPractice.OptimizedTable" name="testPersonInfo" time="0.132"/>
  <testcase classname="RahulShettyPractice.OptimizedTable" name="testBookInfo" time="0.413"/>
</testsuite> <!-- RahulShettyPractice.OptimizedTable -->
