<?xml version="1.0" encoding="UTF-8"?>
<!-- Generated by org.testng.reporters.JUnitReportReporter -->
<testsuite hostname="DESKTOP-3CNBKPE" failures="0" tests="2" name="MyPracticeSelenium.MutipleBrowserAndinParallel" time="10.462" errors="0" timestamp="2023-07-29T19:15:10 IST" skipped="0">
  <testcase classname="MyPracticeSelenium.MutipleBrowserAndinParallel" name="test1" time="5.779"/>
  <testcase classname="MyPracticeSelenium.MutipleBrowserAndinParallel" name="test1" time="4.683"/>
</testsuite> <!-- MyPracticeSelenium.MutipleBrowserAndinParallel -->
