<?xml version="1.0" encoding="UTF-8"?>
<!-- Generated by org.testng.reporters.JUnitReportReporter -->
<testsuite hostname="DESKTOP-3CNBKPE" failures="0" tests="2" name="MyPracticeSelenium.Annotationfileupload" time="34.772" errors="0" timestamp="2023-06-26T15:22:59 IST" skipped="0">
  <testcase classname="MyPracticeSelenium.Annotationfileupload" name="buttonClick" time="22.900"/>
  <testcase classname="MyPracticeSelenium.Annotationfileupload" name="login" time="11.872"/>
</testsuite> <!-- MyPracticeSelenium.Annotationfileupload -->
