<?xml version="1.0" encoding="UTF-8"?>
<!-- Generated by org.testng.reporters.JUnitReportReporter -->
<testsuite hostname="DESKTOP-3CNBKPE" failures="0" tests="4" name="ParallelTestCases.ParallelTesting2" time="58.546" errors="0" timestamp="2023-08-05T14:58:59 IST" skipped="0">
  <testcase classname="ParallelTestCases.ParallelTesting2" name="launchw3school" time="10.267"/>
  <testcase classname="ParallelTestCases.ParallelTesting2" name="launchw3school" time="32.815"/>
  <testcase classname="ParallelTestCases.ParallelTesting2" name="launchunacademy" time="10.030"/>
  <testcase classname="ParallelTestCases.ParallelTesting2" name="launchunacademy" time="5.434"/>
</testsuite> <!-- ParallelTestCases.ParallelTesting2 -->
