<?xml version="1.0" encoding="UTF-8"?>
<!-- Generated by org.testng.reporters.JUnitReportReporter -->
<testsuite hostname="DESKTOP-3CNBKPE" failures="0" tests="1" name="MyPracticeSelenium.TakeScreenShot" time="6.291" errors="0" timestamp="2023-06-22T15:49:05 IST" skipped="0">
  <testcase classname="MyPracticeSelenium.TakeScreenShot" name="facebookValidation" time="6.291"/>
  <system-out/>
</testsuite> <!-- MyPracticeSelenium.TakeScreenShot -->
