<?xml version="1.0" encoding="UTF-8"?>
<!-- Generated by org.testng.reporters.JUnitReportReporter -->
<testsuite hostname="DESKTOP-3CNBKPE" failures="0" tests="1" name="RahulShettyPractice.W3schooltable" time="20.181" errors="0" timestamp="2023-08-25T11:38:46 IST" skipped="0">
  <testcase classname="RahulShettyPractice.W3schooltable" name="launchURl" time="20.181"/>
</testsuite> <!-- RahulShettyPractice.W3schooltable -->
