<?xml version="1.0" encoding="UTF-8"?>
<!-- Generated by org.testng.reporters.JUnitReportReporter -->
<testsuite hostname="DESKTOP-3CNBKPE" failures="0" tests="1" name="Radio" time="7.753" errors="0" timestamp="2023-06-16T15:50:14 IST" skipped="0">
  <testcase classname="Radio" name="facebookValidation" time="7.753"/>
  <system-out/>
</testsuite> <!-- Radio -->
