<?xml version="1.0" encoding="UTF-8"?>
<!-- Generated by org.testng.reporters.JUnitReportReporter -->
<testsuite hostname="DESKTOP-3CNBKPE" failures="0" tests="1" name="DockerDemo.FirefoxDemo" time="36.645" errors="0" timestamp="2023-08-10T18:30:15 IST" skipped="0">
  <testcase classname="DockerDemo.FirefoxDemo" name="testApp" time="36.645"/>
  <system-out/>
</testsuite> <!-- DockerDemo.FirefoxDemo -->
